
[1mRooFit v3.60 -- Developed by Wouter Verkerke and David Kirkby[0m 
                Copyright (C) 2000-2013 NIKHEF, University of California & Stanford University
                All rights reserved, please read http://roofit.sourceforge.net/license.txt

Adding to A_signal_Kpi from source PID: 0.0019127
Adding to A_signal_Kpi from source production_asymmetry: 0.00595987
Adding to A_signal_Kpi from source detection_asymmetry: 0.00778241
Adding to A_signal_Kpi from source charmless: 0.00155197
Adding to A_signal_Kpipipi from source PID: 0.00335581
Adding to A_signal_Kpipipi from source production_asymmetry: 0.00602926
Adding to A_signal_Kpipipi from source detection_asymmetry: 0.00774198
Adding to A_signal_Kpipipi from source rho_PID: 0.000351213
Adding to A_signal_Kpipipi from source charmless: 0.00117456
Adding to A_Bs_piK from source PID: 0.0019108
Adding to A_Bs_piK from source production_asymmetry: 0.0113879
Adding to A_Bs_piKpipi from source PID: 0.00338143
Adding to A_Bs_piKpipi from source production_asymmetry: 0.0120928
Adding to A_Bs_piKpipi from source rho_PID: 0.000340421
Adding to R_signal_KK from source branching_ratios: 0.0170086
Adding to R_signal_KK from source selection_efficiency: 0.00778267
Adding to R_signal_KK from source PID: 0.00401331
Adding to R_signal_KK from source detection_asymmetry: 0.00387523
Adding to R_signal_KK from source Bs_low_shape_pars: 0.00107494
Adding to R_signal_KK from source gamma_pi_inputs: 0.00197374
Adding to R_signal_KK from source DKpipi_inputs: 0.00107696
Adding to A_signal_KK from source PID: 0.00164729
Adding to A_signal_KK from source production_asymmetry: 0.00609257
Adding to A_signal_KK from source detection_asymmetry: 0.00446872
Adding to A_signal_KK from source charmless: 0.00282339
Adding to R_Bs_KK_run1 from source branching_ratios: 0.0218141
Adding to R_Bs_KK_run1 from source selection_efficiency: 0.0166384
Adding to R_Bs_KK_run1 from source PID: 0.0100416
Adding to R_Bs_KK_run1 from source detection_asymmetry: 0.00206283
Adding to R_Bs_KK_run1 from source charmless: 0.00161923
Adding to R_Bs_KK_run2 from source branching_ratios: 0.0185159
Adding to R_Bs_KK_run2 from source selection_efficiency: 0.0110726
Adding to R_Bs_KK_run2 from source PID: 0.00352963
Adding to R_Bs_KK_run2 from source production_asymmetry: 0.000857438
Adding to R_Bs_KK_run2 from source detection_asymmetry: 0.00612729
Adding to R_Bs_KK_run2 from source charmless: 0.00184339
Adding to A_Bs_KK from source PID: 0.00202686
Adding to A_Bs_KK from source production_asymmetry: 0.010346
Adding to A_Bs_KK from source detection_asymmetry: 0.00354502
Adding to A_Bs_KK from source charmless: 0.00120233
Adding to R_signal_pipi from source branching_ratios: 0.0247041
Adding to R_signal_pipi from source selection_efficiency: 0.0112973
Adding to R_signal_pipi from source PID: 0.00449195
Adding to R_signal_pipi from source detection_asymmetry: 0.00670438
Adding to R_signal_pipi from source background_shape_pars: 0.00297347
Adding to R_signal_pipi from source DKpipi_inputs: 0.00228498
Adding to R_signal_pipi from source charmless: 0.00281064
Adding to A_signal_pipi from source production_asymmetry: 0.00613105
Adding to A_signal_pipi from source detection_asymmetry: 0.00425275
Adding to A_signal_pipi from source charmless: 0.00150945
Adding to R_Bs_pipi_run1 from source branching_ratios: 0.0149465
Adding to R_Bs_pipi_run1 from source selection_efficiency: 0.0125907
Adding to R_Bs_pipi_run1 from source PID: 0.00553893
Adding to R_Bs_pipi_run1 from source charmless: 0.005469
Adding to R_Bs_pipi_run2 from source branching_ratios: 0.02233
Adding to R_Bs_pipi_run2 from source selection_efficiency: 0.012688
Adding to R_Bs_pipi_run2 from source PID: 0.00403328
Adding to R_Bs_pipi_run2 from source production_asymmetry: 0.00233015
Adding to R_Bs_pipi_run2 from source detection_asymmetry: 0.00625493
Adding to R_Bs_pipi_run2 from source background_shape_pars: 0.00159071
Adding to R_Bs_pipi_run2 from source charmless: 0.00399449
Applying correction to R_Bs_pipi_run2
Previous value: 1.22212 +/- 0.136913 +/- 0.0271831
Bias: -0.0718811 +/- 0.0200988
New value: 1.21227 +/- 0.136913 +/- 0.027322
Adding to A_Bs_pipi from source PID: 0.00118834
Adding to A_Bs_pipi from source production_asymmetry: 0.0132815
Adding to A_Bs_pipi from source detection_asymmetry: 0.00446015
Adding to R_signal_piK_minus from source detection_asymmetry: 0.000691794
Adding to R_signal_piK_minus from source rho_PID: 0.000709728
Adding to R_signal_piK_minus from source signal_shape_pars: 0.000298565
Adding to R_signal_piK_minus from source background_shape_pars: 0.0012622
Adding to R_signal_piK_minus from source Bs_low_shape_pars: 0.00092082
Adding to R_signal_piK_minus from source gamma_pi_inputs: 0.00165551
Adding to R_signal_piK_minus from source charmless: 0.000689026
Adding to R_signal_piK_plus from source detection_asymmetry: 0.00048737
Adding to R_signal_piK_plus from source rho_PID: 0.000368923
Adding to R_signal_piK_plus from source signal_shape_pars: 0.000312567
Adding to R_signal_piK_plus from source background_shape_pars: 0.000864501
Adding to R_signal_piK_plus from source Bs_low_shape_pars: 0.000995801
Adding to R_signal_piK_plus from source gamma_pi_inputs: 0.00196984
Adding to R_signal_piK_plus from source charmless: 0.000383161
Adding to R_signal_piKpipi_minus from source detection_asymmetry: 0.000567557
Adding to R_signal_piKpipi_minus from source signal_shape_pars: 0.000325977
Adding to R_signal_piKpipi_minus from source background_shape_pars: 0.0016218
Adding to R_signal_piKpipi_minus from source Bs_low_shape_pars: 0.000881887
Adding to R_signal_piKpipi_minus from source gamma_pi_inputs: 0.00163734
Adding to R_signal_piKpipi_minus from source charmless: 0.000415054
Adding to R_signal_piKpipi_plus from source detection_asymmetry: 0.000603324
Adding to R_signal_piKpipi_plus from source signal_shape_pars: 0.000334374
Adding to R_signal_piKpipi_plus from source background_shape_pars: 0.00105699
Adding to R_signal_piKpipi_plus from source Bs_low_shape_pars: 0.000981781
Adding to R_signal_piKpipi_plus from source gamma_pi_inputs: 0.00189343
Adding to R_signal_pipipipi from source branching_ratios: 0.0312971
Adding to R_signal_pipipipi from source selection_efficiency: 0.0116422
Adding to R_signal_pipipipi from source PID: 0.00695411
Adding to R_signal_pipipipi from source detection_asymmetry: 0.00673649
Adding to R_signal_pipipipi from source background_shape_pars: 0.00316645
Adding to R_signal_pipipipi from source gamma_pi_inputs: 0.00227088
Adding to R_signal_pipipipi from source DKpipi_inputs: 0.00182536
Adding to R_signal_pipipipi from source charmless: 0.0108447
Adding to A_signal_pipipipi from source PID: 0.00222888
Adding to A_signal_pipipipi from source production_asymmetry: 0.00987475
Adding to A_signal_pipipipi from source detection_asymmetry: 0.00720679
Adding to A_signal_pipipipi from source rho_PID: 0.00590764
Adding to A_signal_pipipipi from source charmless: 0.00375543
Adding to A_Bs_pipipipi from source PID: 0.00258194
Adding to A_Bs_pipipipi from source production_asymmetry: 0.0175697
Adding to A_Bs_pipipipi from source detection_asymmetry: 0.00614261
Adding to A_Bs_pipipipi from source charmless: 0.00244194
Adding to R_Bs_pipipipi_run2 from source branching_ratios: 0.0275888
Adding to R_Bs_pipipipi_run2 from source selection_efficiency: 0.010237
Adding to R_Bs_pipipipi_run2 from source PID: 0.0064088
Adding to R_Bs_pipipipi_run2 from source production_asymmetry: 0.00218362
Adding to R_Bs_pipipipi_run2 from source detection_asymmetry: 0.00646873
Adding to R_Bs_pipipipi_run2 from source charmless: 0.00248181
Adding to R_ADS_piK from source rho_PID: 0.000658348
Adding to R_ADS_piK from source signal_shape_pars: 0.000310704
Adding to R_ADS_piK from source background_shape_pars: 0.00101493
Adding to R_ADS_piK from source Bs_low_shape_pars: 0.000938705
Adding to R_ADS_piK from source gamma_pi_inputs: 0.00184943
Adding to R_ADS_piK from source charmless: 0.000219193
Adding to A_ADS_piK from source detection_asymmetry: 0.00750352
Adding to A_ADS_piK from source background_shape_pars: 0.00214537
Adding to A_ADS_piK from source Bs_low_shape_pars: 0.00305337
Adding to A_ADS_piK from source gamma_pi_inputs: 0.00608899
Adding to A_ADS_piK from source charmless: 0.0047839
Adding to R_ADS_piKpipi from source rho_PID: 0.000440024
Adding to R_ADS_piKpipi from source signal_shape_pars: 0.000329571
Adding to R_ADS_piKpipi from source background_shape_pars: 0.00133954
Adding to R_ADS_piKpipi from source Bs_low_shape_pars: 0.000891731
Adding to R_ADS_piKpipi from source gamma_pi_inputs: 0.00167922
Adding to R_ADS_piKpipi from source charmless: 0.000337327
Adding to A_ADS_piKpipi from source detection_asymmetry: 0.00784209
Adding to A_ADS_piKpipi from source background_shape_pars: 0.00432238
Adding to A_ADS_piKpipi from source charmless: 0.0031141
