Training BDTG KK_run2 with 4 signal file(s) and 4 background file(s).
Using variable list: ../VariableLists/KK_run2.txt
Using cuts from: ../VariableLists/Cuts/KK_run2.cut
==> Starting TMVA classification
--- Factory                  : You are running ROOT Version: 6.06/02, Mar 3, 2016
--- Factory                  : 
--- Factory                  : _/_/_/_/_/ _|      _|  _|      _|    _|_|   
--- Factory                  :    _/      _|_|  _|_|  _|      _|  _|    _| 
--- Factory                  :   _/       _|  _|  _|  _|      _|  _|_|_|_| 
--- Factory                  :  _/        _|      _|    _|  _|    _|    _| 
--- Factory                  : _/         _|      _|      _|      _|    _| 
--- Factory                  : 
--- Factory                  : ___________TMVA Version 4.2.1, Feb 5, 2015
--- Factory                  : 
Adding variable: acos(Bd_DIRA_OWNPV)
Adding variable: Bd_IPCHI2_OWNPV
Adding variable: Bd_LOKI_VFASPF_VCHI2VDOF
Adding variable: Bd_ptasy_1.50
Adding variable: log10(D0_IPCHI2_OWNPV)
Adding variable: log10(KstarK_IPCHI2_OWNPV)
Adding variable: log10(D0Kplus_IPCHI2_OWNPV)
Adding variable: log10(D0Kminus_IPCHI2_OWNPV)
Adding variable: log10(KstarPi_IPCHI2_OWNPV)
Adding variable: log10(D0Kplus_PT)
Adding variable: log10(D0Kminus_PT)
Adding variable: log10(KstarK_PT)
Adding variable: log10(KstarPi_PT)
--- DataSetInfo              : Added class "Signal"	 with internal class number 0
--- Factory                  : Add Tree DecayTree of type Signal with 14503 events
--- Factory                  : Add Tree DecayTree of type Signal with 14915 events
--- Factory                  : Add Tree DecayTree of type Signal with 14411 events
--- Factory                  : Add Tree DecayTree of type Signal with 14214 events
--- DataSetInfo              : Added class "Background"	 with internal class number 1
--- Factory                  : Add Tree DecayTree of type Background with 210592 events
--- Factory                  : Add Tree DecayTree of type Background with 136099 events
--- Factory                  : Add Tree DecayTree of type Background with 379681 events
--- Factory                  : Add Tree DecayTree of type Background with 345762 events
--- Factory                  : Preparing trees for training and testing...
--- Factory                  : Booking method: [1mBDTG_KK_run2[0m
[1;31m--- <WARNING> BDTG_KK_run2             : the option *InverseBoostNegWeights* does not exist for BoostType=Grad --> change to *IgnoreNegWeightsInTraining*[0m
--- DataSetFactory           : Splitmode is: "RANDOM" the mixmode is: "SAMEASSPLITMODE"
--- DataSetFactory           : Create training and testing trees -- looping over class "Signal" ...
--- DataSetFactory           : Weight expression for class 'Signal': ""
--- DataSetFactory           : Create training and testing trees -- looping over class "Background" ...
--- DataSetFactory           : Weight expression for class 'Background': ""
--- DataSetFactory           : Number of events in input trees (after possible flattening of arrays):
--- DataSetFactory           :     Signal          -- number of events       : 58043  / sum of weights: 58043
--- DataSetFactory           :     Background      -- number of events       : 1072134  / sum of weights: 1.07213e+06
--- DataSetFactory           :     Signal     tree -- total number of entries: 58043
--- DataSetFactory           :     Background tree -- total number of entries: 1072134
--- DataSetFactory           : Preselection: (will NOT affect number of requested training and testing events)
--- DataSetFactory           :     Signal     requirement: "(((((abs(D0_M - 1864.83) < 25)&&(D0_IPCHI2_OWNPV > 0))&&(KstarK_IPCHI2_OWNPV > 0))&&(D0Kplus_IPCHI2_OWNPV > 0))&&(D0Kminus_IPCHI2_OWNPV > 0))&&(KstarPi_IPCHI2_OWNPV > 0)"
--- DataSetFactory           :     Signal          -- number of events passed: 55568  / sum of weights: 55568
--- DataSetFactory           :     Signal          -- efficiency             : 0.957359
--- DataSetFactory           :     Background requirement: "(((((abs(D0_M - 1864.83) < 25 && Bd_ConsD_M > 5800)&&(D0_IPCHI2_OWNPV > 0))&&(KstarK_IPCHI2_OWNPV > 0))&&(D0Kplus_IPCHI2_OWNPV > 0))&&(D0Kminus_IPCHI2_OWNPV > 0))&&(KstarPi_IPCHI2_OWNPV > 0)"
--- DataSetFactory           :     Background      -- number of events passed: 8642   / sum of weights: 8642 
--- DataSetFactory           :     Background      -- efficiency             : 0.00806056
--- DataSetFactory           :  you have opted for interpreting the requested number of training/testing events
--- DataSetFactory           :  to be the number of events AFTER your preselection cuts
--- DataSetFactory           :  you have opted for interpreting the requested number of training/testing events
--- DataSetFactory           :  to be the number of events AFTER your preselection cuts
--- DataSetFactory           : Weight renormalisation mode: "NumEvents": renormalises all event classes 
--- DataSetFactory           :  such that the effective (weighted) number of events in each class equals the respective 
--- DataSetFactory           :  number of events (entries) that you demanded in PrepareTrainingAndTestTree("","nTrain_Signal=.. )
--- DataSetFactory           :  ... i.e. such that Sum[i=1..N_j]{w_i} = N_j, j=0,1,2...
--- DataSetFactory           :  ... (note that N_j is the sum of TRAINING events (nTrain_j...with j=Signal,Background..
--- DataSetFactory           :  ..... Testing events are not renormalised nor included in the renormalisation factor! )
--- DataSetFactory           : --> Rescale Signal     event weights by factor: 1
--- DataSetFactory           : --> Rescale Background event weights by factor: 1
--- DataSetFactory           : Number of training and testing events after rescaling:
--- DataSetFactory           : ------------------------------------------------------
--- DataSetFactory           : Signal     -- training events            : 27784 (sum of weights: 27784) - requested were 0 events
--- DataSetFactory           : Signal     -- testing events             : 27784 (sum of weights: 27784) - requested were 0 events
--- DataSetFactory           : Signal     -- training and testing events: 55568 (sum of weights: 55568)
--- DataSetFactory           : Signal     -- due to the preselection a scaling factor has been applied to the numbers of requested events: 0.957359
--- DataSetFactory           : Background -- training events            : 4321 (sum of weights: 4321) - requested were 0 events
--- DataSetFactory           : Background -- testing events             : 4321 (sum of weights: 4321) - requested were 0 events
--- DataSetFactory           : Background -- training and testing events: 8642 (sum of weights: 8642)
--- DataSetFactory           : Background -- due to the preselection a scaling factor has been applied to the numbers of requested events: 0.00806056
--- DataSetFactory           : Create internal training tree
--- DataSetFactory           : Create internal testing tree
--- DataSetInfo              : Correlation matrix (Signal):
--- DataSetInfo              : -----------------------------------------------------------------------------------------------------------------------------------------------------------------------------------------------------------------------------------------------------------------------------------------------------------------------
--- DataSetInfo              :                               acos(Bd_DIRA_OWNPV) Bd_IPCHI2_OWNPV Bd_LOKI_VFASPF_VCHI2VDOF Bd_ptasy_1.50 log10(D0_IPCHI2_OWNPV) log10(KstarK_IPCHI2_OWNPV) log10(D0Kplus_IPCHI2_OWNPV) log10(D0Kminus_IPCHI2_OWNPV) log10(KstarPi_IPCHI2_OWNPV) log10(D0Kplus_PT) log10(D0Kminus_PT) log10(KstarK_PT) log10(KstarPi_PT)
--- DataSetInfo              :          acos(Bd_DIRA_OWNPV):              +1.000          +0.423                   -0.003        -0.042                 -0.406                     -0.382                      -0.316                       -0.318                      -0.265            -0.062             -0.070           -0.114            -0.021
--- DataSetInfo              :              Bd_IPCHI2_OWNPV:              +0.423          +1.000                   +0.129        -0.021                 +0.003                     -0.008                      -0.017                       -0.011                      -0.028            -0.017             -0.017           -0.017            -0.028
--- DataSetInfo              :     Bd_LOKI_VFASPF_VCHI2VDOF:              -0.003          +0.129                   +1.000        +0.033                 +0.059                     +0.044                      +0.049                       +0.047                      +0.027            +0.039             +0.044           +0.083            +0.060
--- DataSetInfo              :                Bd_ptasy_1.50:              -0.042          -0.021                   +0.033        +1.000                 -0.050                     +0.009                      +0.025                       +0.025                      +0.014            +0.248             +0.246           +0.288            +0.177
--- DataSetInfo              :       log10(D0_IPCHI2_OWNPV):              -0.406          +0.003                   +0.059        -0.050                 +1.000                     +0.501                      +0.677                       +0.683                      +0.368            -0.125             -0.115           +0.222            +0.092
--- DataSetInfo              :   log10(KstarK_IPCHI2_OWNPV):              -0.382          -0.008                   +0.044        +0.009                 +0.501                     +1.000                      +0.370                       +0.368                      +0.414            +0.113             +0.122           +0.082            -0.270
--- DataSetInfo              :  log10(D0Kplus_IPCHI2_OWNPV):              -0.316          -0.017                   +0.049        +0.025                 +0.677                     +0.370                      +1.000                       +0.261                      +0.283            +0.126             -0.103           +0.161            +0.071
--- DataSetInfo              : log10(D0Kminus_IPCHI2_OWNPV):              -0.318          -0.011                   +0.047        +0.025                 +0.683                     +0.368                      +0.261                       +1.000                      +0.286            -0.116             +0.133           +0.152            +0.074
--- DataSetInfo              :  log10(KstarPi_IPCHI2_OWNPV):              -0.265          -0.028                   +0.027        +0.014                 +0.368                     +0.414                      +0.283                       +0.286                      +1.000            +0.094             +0.099           -0.322            +0.417
--- DataSetInfo              :            log10(D0Kplus_PT):              -0.062          -0.017                   +0.039        +0.248                 -0.125                     +0.113                      +0.126                       -0.116                      +0.094            +1.000             -0.036           -0.055            -0.015
--- DataSetInfo              :           log10(D0Kminus_PT):              -0.070          -0.017                   +0.044        +0.246                 -0.115                     +0.122                      -0.103                       +0.133                      +0.099            -0.036             +1.000           -0.069            -0.021
--- DataSetInfo              :             log10(KstarK_PT):              -0.114          -0.017                   +0.083        +0.288                 +0.222                     +0.082                      +0.161                       +0.152                      -0.322            -0.055             -0.069           +1.000            +0.077
--- DataSetInfo              :            log10(KstarPi_PT):              -0.021          -0.028                   +0.060        +0.177                 +0.092                     -0.270                      +0.071                       +0.074                      +0.417            -0.015             -0.021           +0.077            +1.000
--- DataSetInfo              : -----------------------------------------------------------------------------------------------------------------------------------------------------------------------------------------------------------------------------------------------------------------------------------------------------------------------
--- DataSetInfo              : Correlation matrix (Background):
--- DataSetInfo              : -----------------------------------------------------------------------------------------------------------------------------------------------------------------------------------------------------------------------------------------------------------------------------------------------------------------------
--- DataSetInfo              :                               acos(Bd_DIRA_OWNPV) Bd_IPCHI2_OWNPV Bd_LOKI_VFASPF_VCHI2VDOF Bd_ptasy_1.50 log10(D0_IPCHI2_OWNPV) log10(KstarK_IPCHI2_OWNPV) log10(D0Kplus_IPCHI2_OWNPV) log10(D0Kminus_IPCHI2_OWNPV) log10(KstarPi_IPCHI2_OWNPV) log10(D0Kplus_PT) log10(D0Kminus_PT) log10(KstarK_PT) log10(KstarPi_PT)
--- DataSetInfo              :          acos(Bd_DIRA_OWNPV):              +1.000          +0.410                   -0.157        -0.321                 -0.306                     -0.219                      -0.193                       -0.186                      -0.124            +0.036             +0.013           -0.237            -0.046
--- DataSetInfo              :              Bd_IPCHI2_OWNPV:              +0.410          +1.000                   +0.041        -0.144                 -0.026                     -0.038                      -0.050                       -0.017                      -0.012            -0.032             +0.000           -0.029            +0.010
--- DataSetInfo              :     Bd_LOKI_VFASPF_VCHI2VDOF:              -0.157          +0.041                   +1.000        +0.090                 -0.013                     +0.062                      +0.036                       +0.042                      +0.014            +0.052             +0.096           +0.080            +0.005
--- DataSetInfo              :                Bd_ptasy_1.50:              -0.321          -0.144                   +0.090        +1.000                 +0.077                     +0.047                      +0.127                       +0.130                      +0.132            +0.071             +0.095           +0.285            +0.206
--- DataSetInfo              :       log10(D0_IPCHI2_OWNPV):              -0.306          -0.026                   -0.013        +0.077                 +1.000                     +0.098                      +0.317                       +0.334                      +0.174            -0.304             -0.287           +0.349            +0.192
--- DataSetInfo              :   log10(KstarK_IPCHI2_OWNPV):              -0.219          -0.038                   +0.062        +0.047                 +0.098                     +1.000                      +0.103                       +0.088                      +0.102            +0.080             +0.049           +0.041            -0.346
--- DataSetInfo              :  log10(D0Kplus_IPCHI2_OWNPV):              -0.193          -0.050                   +0.036        +0.127                 +0.317                     +0.103                      +1.000                       -0.247                      +0.120            +0.489             -0.460           +0.037            +0.013
--- DataSetInfo              : log10(D0Kminus_IPCHI2_OWNPV):              -0.186          -0.017                   +0.042        +0.130                 +0.334                     +0.088                      -0.247                       +1.000                      +0.112            -0.460             +0.499           +0.046            +0.013
--- DataSetInfo              :  log10(KstarPi_IPCHI2_OWNPV):              -0.124          -0.012                   +0.014        +0.132                 +0.174                     +0.102                      +0.120                       +0.112                      +1.000            +0.005             -0.017           -0.210            +0.490
--- DataSetInfo              :            log10(D0Kplus_PT):              +0.036          -0.032                   +0.052        +0.071                 -0.304                     +0.080                      +0.489                       -0.460                      +0.005            +1.000             -0.286           -0.327            -0.202
--- DataSetInfo              :           log10(D0Kminus_PT):              +0.013          +0.000                   +0.096        +0.095                 -0.287                     +0.049                      -0.460                       +0.499                      -0.017            -0.286             +1.000           -0.300            -0.194
--- DataSetInfo              :             log10(KstarK_PT):              -0.237          -0.029                   +0.080        +0.285                 +0.349                     +0.041                      +0.037                       +0.046                      -0.210            -0.327             -0.300           +1.000            +0.240
--- DataSetInfo              :            log10(KstarPi_PT):              -0.046          +0.010                   +0.005        +0.206                 +0.192                     -0.346                      +0.013                       +0.013                      +0.490            -0.202             -0.194           +0.240            +1.000
--- DataSetInfo              : -----------------------------------------------------------------------------------------------------------------------------------------------------------------------------------------------------------------------------------------------------------------------------------------------------------------------
--- DataSetFactory           :  
--- Factory                  : 
--- Factory                  : current transformation string: 'I'
--- Factory                  : Create Transformation "I" with events from all classes.
--- Id                       : Transformation, Variable selection : 
--- Id                       : Input : variable 'acos(Bd_DIRA_OWNPV)' (index=0).   <---> Output : variable 'acos(Bd_DIRA_OWNPV)' (index=0).
--- Id                       : Input : variable 'Bd_IPCHI2_OWNPV' (index=1).   <---> Output : variable 'Bd_IPCHI2_OWNPV' (index=1).
--- Id                       : Input : variable 'Bd_LOKI_VFASPF_VCHI2VDOF' (index=2).   <---> Output : variable 'Bd_LOKI_VFASPF_VCHI2VDOF' (index=2).
--- Id                       : Input : variable 'Bd_ptasy_1.50' (index=3).   <---> Output : variable 'Bd_ptasy_1.50' (index=3).
--- Id                       : Input : variable 'log10(D0_IPCHI2_OWNPV)' (index=4).   <---> Output : variable 'log10(D0_IPCHI2_OWNPV)' (index=4).
--- Id                       : Input : variable 'log10(KstarK_IPCHI2_OWNPV)' (index=5).   <---> Output : variable 'log10(KstarK_IPCHI2_OWNPV)' (index=5).
--- Id                       : Input : variable 'log10(D0Kplus_IPCHI2_OWNPV)' (index=6).   <---> Output : variable 'log10(D0Kplus_IPCHI2_OWNPV)' (index=6).
--- Id                       : Input : variable 'log10(D0Kminus_IPCHI2_OWNPV)' (index=7).   <---> Output : variable 'log10(D0Kminus_IPCHI2_OWNPV)' (index=7).
--- Id                       : Input : variable 'log10(KstarPi_IPCHI2_OWNPV)' (index=8).   <---> Output : variable 'log10(KstarPi_IPCHI2_OWNPV)' (index=8).
--- Id                       : Input : variable 'log10(D0Kplus_PT)' (index=9).   <---> Output : variable 'log10(D0Kplus_PT)' (index=9).
--- Id                       : Input : variable 'log10(D0Kminus_PT)' (index=10).   <---> Output : variable 'log10(D0Kminus_PT)' (index=10).
--- Id                       : Input : variable 'log10(KstarK_PT)' (index=11).   <---> Output : variable 'log10(KstarK_PT)' (index=11).
--- Id                       : Input : variable 'log10(KstarPi_PT)' (index=12).   <---> Output : variable 'log10(KstarPi_PT)' (index=12).
--- Factory                  : 
--- Factory                  : current transformation string: 'D'
--- Factory                  : Create Transformation "D" with events from all classes.
--- Deco                     : Transformation, Variable selection : 
--- Deco                     : Input : variable 'acos(Bd_DIRA_OWNPV)' (index=0).   <---> Output : variable 'acos(Bd_DIRA_OWNPV)' (index=0).
--- Deco                     : Input : variable 'Bd_IPCHI2_OWNPV' (index=1).   <---> Output : variable 'Bd_IPCHI2_OWNPV' (index=1).
--- Deco                     : Input : variable 'Bd_LOKI_VFASPF_VCHI2VDOF' (index=2).   <---> Output : variable 'Bd_LOKI_VFASPF_VCHI2VDOF' (index=2).
--- Deco                     : Input : variable 'Bd_ptasy_1.50' (index=3).   <---> Output : variable 'Bd_ptasy_1.50' (index=3).
--- Deco                     : Input : variable 'log10(D0_IPCHI2_OWNPV)' (index=4).   <---> Output : variable 'log10(D0_IPCHI2_OWNPV)' (index=4).
--- Deco                     : Input : variable 'log10(KstarK_IPCHI2_OWNPV)' (index=5).   <---> Output : variable 'log10(KstarK_IPCHI2_OWNPV)' (index=5).
--- Deco                     : Input : variable 'log10(D0Kplus_IPCHI2_OWNPV)' (index=6).   <---> Output : variable 'log10(D0Kplus_IPCHI2_OWNPV)' (index=6).
--- Deco                     : Input : variable 'log10(D0Kminus_IPCHI2_OWNPV)' (index=7).   <---> Output : variable 'log10(D0Kminus_IPCHI2_OWNPV)' (index=7).
--- Deco                     : Input : variable 'log10(KstarPi_IPCHI2_OWNPV)' (index=8).   <---> Output : variable 'log10(KstarPi_IPCHI2_OWNPV)' (index=8).
--- Deco                     : Input : variable 'log10(D0Kplus_PT)' (index=9).   <---> Output : variable 'log10(D0Kplus_PT)' (index=9).
--- Deco                     : Input : variable 'log10(D0Kminus_PT)' (index=10).   <---> Output : variable 'log10(D0Kminus_PT)' (index=10).
--- Deco                     : Input : variable 'log10(KstarK_PT)' (index=11).   <---> Output : variable 'log10(KstarK_PT)' (index=11).
--- Deco                     : Input : variable 'log10(KstarPi_PT)' (index=12).   <---> Output : variable 'log10(KstarPi_PT)' (index=12).
--- Factory                  : 
--- Factory                  : current transformation string: 'P'
--- Factory                  : Create Transformation "P" with events from all classes.
--- PCA                      : Transformation, Variable selection : 
--- PCA                      : Input : variable 'acos(Bd_DIRA_OWNPV)' (index=0).   <---> Output : variable 'acos(Bd_DIRA_OWNPV)' (index=0).
--- PCA                      : Input : variable 'Bd_IPCHI2_OWNPV' (index=1).   <---> Output : variable 'Bd_IPCHI2_OWNPV' (index=1).
--- PCA                      : Input : variable 'Bd_LOKI_VFASPF_VCHI2VDOF' (index=2).   <---> Output : variable 'Bd_LOKI_VFASPF_VCHI2VDOF' (index=2).
--- PCA                      : Input : variable 'Bd_ptasy_1.50' (index=3).   <---> Output : variable 'Bd_ptasy_1.50' (index=3).
--- PCA                      : Input : variable 'log10(D0_IPCHI2_OWNPV)' (index=4).   <---> Output : variable 'log10(D0_IPCHI2_OWNPV)' (index=4).
--- PCA                      : Input : variable 'log10(KstarK_IPCHI2_OWNPV)' (index=5).   <---> Output : variable 'log10(KstarK_IPCHI2_OWNPV)' (index=5).
--- PCA                      : Input : variable 'log10(D0Kplus_IPCHI2_OWNPV)' (index=6).   <---> Output : variable 'log10(D0Kplus_IPCHI2_OWNPV)' (index=6).
--- PCA                      : Input : variable 'log10(D0Kminus_IPCHI2_OWNPV)' (index=7).   <---> Output : variable 'log10(D0Kminus_IPCHI2_OWNPV)' (index=7).
--- PCA                      : Input : variable 'log10(KstarPi_IPCHI2_OWNPV)' (index=8).   <---> Output : variable 'log10(KstarPi_IPCHI2_OWNPV)' (index=8).
--- PCA                      : Input : variable 'log10(D0Kplus_PT)' (index=9).   <---> Output : variable 'log10(D0Kplus_PT)' (index=9).
--- PCA                      : Input : variable 'log10(D0Kminus_PT)' (index=10).   <---> Output : variable 'log10(D0Kminus_PT)' (index=10).
--- PCA                      : Input : variable 'log10(KstarK_PT)' (index=11).   <---> Output : variable 'log10(KstarK_PT)' (index=11).
--- PCA                      : Input : variable 'log10(KstarPi_PT)' (index=12).   <---> Output : variable 'log10(KstarPi_PT)' (index=12).
--- Factory                  : 
--- Factory                  : current transformation string: 'G,D'
--- Factory                  : Create Transformation "G" with events from all classes.
--- Gauss                    : Transformation, Variable selection : 
--- Gauss                    : Input : variable 'acos(Bd_DIRA_OWNPV)' (index=0).   <---> Output : variable 'acos(Bd_DIRA_OWNPV)' (index=0).
--- Gauss                    : Input : variable 'Bd_IPCHI2_OWNPV' (index=1).   <---> Output : variable 'Bd_IPCHI2_OWNPV' (index=1).
--- Gauss                    : Input : variable 'Bd_LOKI_VFASPF_VCHI2VDOF' (index=2).   <---> Output : variable 'Bd_LOKI_VFASPF_VCHI2VDOF' (index=2).
--- Gauss                    : Input : variable 'Bd_ptasy_1.50' (index=3).   <---> Output : variable 'Bd_ptasy_1.50' (index=3).
--- Gauss                    : Input : variable 'log10(D0_IPCHI2_OWNPV)' (index=4).   <---> Output : variable 'log10(D0_IPCHI2_OWNPV)' (index=4).
--- Gauss                    : Input : variable 'log10(KstarK_IPCHI2_OWNPV)' (index=5).   <---> Output : variable 'log10(KstarK_IPCHI2_OWNPV)' (index=5).
--- Gauss                    : Input : variable 'log10(D0Kplus_IPCHI2_OWNPV)' (index=6).   <---> Output : variable 'log10(D0Kplus_IPCHI2_OWNPV)' (index=6).
--- Gauss                    : Input : variable 'log10(D0Kminus_IPCHI2_OWNPV)' (index=7).   <---> Output : variable 'log10(D0Kminus_IPCHI2_OWNPV)' (index=7).
--- Gauss                    : Input : variable 'log10(KstarPi_IPCHI2_OWNPV)' (index=8).   <---> Output : variable 'log10(KstarPi_IPCHI2_OWNPV)' (index=8).
--- Gauss                    : Input : variable 'log10(D0Kplus_PT)' (index=9).   <---> Output : variable 'log10(D0Kplus_PT)' (index=9).
--- Gauss                    : Input : variable 'log10(D0Kminus_PT)' (index=10).   <---> Output : variable 'log10(D0Kminus_PT)' (index=10).
--- Gauss                    : Input : variable 'log10(KstarK_PT)' (index=11).   <---> Output : variable 'log10(KstarK_PT)' (index=11).
--- Gauss                    : Input : variable 'log10(KstarPi_PT)' (index=12).   <---> Output : variable 'log10(KstarPi_PT)' (index=12).
--- Factory                  : Create Transformation "D" with events from all classes.
--- Deco                     : Transformation, Variable selection : 
--- Deco                     : Input : variable 'acos(Bd_DIRA_OWNPV)' (index=0).   <---> Output : variable 'acos(Bd_DIRA_OWNPV)' (index=0).
--- Deco                     : Input : variable 'Bd_IPCHI2_OWNPV' (index=1).   <---> Output : variable 'Bd_IPCHI2_OWNPV' (index=1).
--- Deco                     : Input : variable 'Bd_LOKI_VFASPF_VCHI2VDOF' (index=2).   <---> Output : variable 'Bd_LOKI_VFASPF_VCHI2VDOF' (index=2).
--- Deco                     : Input : variable 'Bd_ptasy_1.50' (index=3).   <---> Output : variable 'Bd_ptasy_1.50' (index=3).
--- Deco                     : Input : variable 'log10(D0_IPCHI2_OWNPV)' (index=4).   <---> Output : variable 'log10(D0_IPCHI2_OWNPV)' (index=4).
--- Deco                     : Input : variable 'log10(KstarK_IPCHI2_OWNPV)' (index=5).   <---> Output : variable 'log10(KstarK_IPCHI2_OWNPV)' (index=5).
--- Deco                     : Input : variable 'log10(D0Kplus_IPCHI2_OWNPV)' (index=6).   <---> Output : variable 'log10(D0Kplus_IPCHI2_OWNPV)' (index=6).
--- Deco                     : Input : variable 'log10(D0Kminus_IPCHI2_OWNPV)' (index=7).   <---> Output : variable 'log10(D0Kminus_IPCHI2_OWNPV)' (index=7).
--- Deco                     : Input : variable 'log10(KstarPi_IPCHI2_OWNPV)' (index=8).   <---> Output : variable 'log10(KstarPi_IPCHI2_OWNPV)' (index=8).
--- Deco                     : Input : variable 'log10(D0Kplus_PT)' (index=9).   <---> Output : variable 'log10(D0Kplus_PT)' (index=9).
--- Deco                     : Input : variable 'log10(D0Kminus_PT)' (index=10).   <---> Output : variable 'log10(D0Kminus_PT)' (index=10).
--- Deco                     : Input : variable 'log10(KstarK_PT)' (index=11).   <---> Output : variable 'log10(KstarK_PT)' (index=11).
--- Deco                     : Input : variable 'log10(KstarPi_PT)' (index=12).   <---> Output : variable 'log10(KstarPi_PT)' (index=12).
--- Id                       : Preparing the Identity transformation...
--- TFHandler_Factory        : ---------------------------------------------------------------------------------------------------------------------------------------------------------------
--- TFHandler_Factory        :                     Variable                            Mean                            RMS                    [        Min                            Max ]
--- TFHandler_Factory        : ---------------------------------------------------------------------------------------------------------------------------------------------------------------
--- TFHandler_Factory        :          acos(Bd_DIRA_OWNPV):                     0.0030919                     0.0047493   [                    4.6310e-06                      0.044280 ]
--- TFHandler_Factory        :              Bd_IPCHI2_OWNPV:                        3.2846                        4.4792   [                    2.4058e-05                        25.063 ]
--- TFHandler_Factory        :     Bd_LOKI_VFASPF_VCHI2VDOF:                        1.3702                        1.3914   [                    0.00012731                        9.9997 ]
--- TFHandler_Factory        :                Bd_ptasy_1.50:                       0.21976                       0.39440   [                      -0.89739                        1.0000 ]
--- TFHandler_Factory        :       log10(D0_IPCHI2_OWNPV):                        2.4910                       0.73571   [                       -2.5921                        4.7826 ]
--- TFHandler_Factory        :   log10(KstarK_IPCHI2_OWNPV):                        2.4338                       0.74419   [                       0.60254                        5.0691 ]
--- TFHandler_Factory        :  log10(D0Kplus_IPCHI2_OWNPV):                        2.4692                       0.79342   [                       0.60218                        4.9957 ]
--- TFHandler_Factory        : log10(D0Kminus_IPCHI2_OWNPV):                        2.4639                       0.79490   [                       0.48580                        4.8175 ]
--- TFHandler_Factory        :  log10(KstarPi_IPCHI2_OWNPV):                        2.1472                       0.84958   [                       0.57995                        4.8406 ]
--- TFHandler_Factory        :            log10(D0Kplus_PT):                        3.3471                       0.40667   [                        2.0014                        4.6948 ]
--- TFHandler_Factory        :           log10(D0Kminus_PT):                        3.3527                       0.40630   [                        2.0006                        5.0531 ]
--- TFHandler_Factory        :             log10(KstarK_PT):                        3.3969                       0.35713   [                        2.3290                        4.5890 ]
--- TFHandler_Factory        :            log10(KstarPi_PT):                        3.1147                       0.44375   [                        2.0000                        4.6117 ]
--- TFHandler_Factory        : ---------------------------------------------------------------------------------------------------------------------------------------------------------------
--- TFHandler_Factory        : Plot event variables for Id
--- TFHandler_Factory        : Create scatter and profile plots in target-file directory: 
--- TFHandler_Factory        : ../Outputs/Classification_KK_run2.root:/InputVariables_Id/CorrelationPlots
--- Deco                     : Preparing the Decorrelation transformation...
--- TFHandler_Factory        : ---------------------------------------------------------------------------------------------------------------------------------------------------------------
--- TFHandler_Factory        :                     Variable                            Mean                            RMS                    [        Min                            Max ]
--- TFHandler_Factory        : ---------------------------------------------------------------------------------------------------------------------------------------------------------------
--- TFHandler_Factory        :          acos(Bd_DIRA_OWNPV):                        3.9747                        1.0000   [                      -0.51367                        14.396 ]
--- TFHandler_Factory        :              Bd_IPCHI2_OWNPV:                        1.1480                        1.0000   [                      0.047412                        6.1415 ]
--- TFHandler_Factory        :     Bd_LOKI_VFASPF_VCHI2VDOF:                       0.51926                        1.0000   [                       -1.3106                        6.9601 ]
--- TFHandler_Factory        :                Bd_ptasy_1.50:                       -5.0484                        1.0000   [                       -8.5990                       -2.0749 ]
--- TFHandler_Factory        :       log10(D0_IPCHI2_OWNPV):                        3.0807                        1.0000   [                       -7.2034                        6.2123 ]
--- TFHandler_Factory        :   log10(KstarK_IPCHI2_OWNPV):                        2.1874                        1.0000   [                       -1.6141                        6.0158 ]
--- TFHandler_Factory        :  log10(D0Kplus_IPCHI2_OWNPV):                       0.98042                        1.0000   [                       -2.8403                        5.0914 ]
--- TFHandler_Factory        : log10(D0Kminus_IPCHI2_OWNPV):                       0.97723                        1.0000   [                       -2.7501                        5.3634 ]
--- TFHandler_Factory        :  log10(KstarPi_IPCHI2_OWNPV):                       0.95515                        1.0000   [                       -2.5313                        5.0305 ]
--- TFHandler_Factory        :            log10(D0Kplus_PT):                        10.832                        1.0000   [                        7.1188                        14.888 ]
--- TFHandler_Factory        :           log10(D0Kminus_PT):                        10.854                        1.0000   [                        6.9256                        15.671 ]
--- TFHandler_Factory        :             log10(KstarK_PT):                        11.184                        1.0000   [                        7.6470                        15.280 ]
--- TFHandler_Factory        :            log10(KstarPi_PT):                        7.7332                        1.0000   [                        3.2127                        11.635 ]
--- TFHandler_Factory        : ---------------------------------------------------------------------------------------------------------------------------------------------------------------
--- TFHandler_Factory        : Plot event variables for Deco
--- TFHandler_Factory        : Create scatter and profile plots in target-file directory: 
--- TFHandler_Factory        : ../Outputs/Classification_KK_run2.root:/InputVariables_Deco/CorrelationPlots
--- PCA                      : Preparing the Principle Component (PCA) transformation...
--- TFHandler_Factory        : ---------------------------------------------------------------------------------------------------------------------------------------------------------------
--- TFHandler_Factory        :                     Variable                            Mean                            RMS                    [        Min                            Max ]
--- TFHandler_Factory        : ---------------------------------------------------------------------------------------------------------------------------------------------------------------
--- TFHandler_Factory        :          acos(Bd_DIRA_OWNPV):                   -5.0464e-11                        4.5060   [                       -22.077                        3.5920 ]
--- TFHandler_Factory        :              Bd_IPCHI2_OWNPV:                    1.1524e-10                        1.3524   [                       -2.8306                        8.9151 ]
--- TFHandler_Factory        :     Bd_LOKI_VFASPF_VCHI2VDOF:                    2.0986e-10                        1.2464   [                       -6.2063                        4.1244 ]
--- TFHandler_Factory        :                Bd_ptasy_1.50:                   -2.2670e-11                       0.75254   [                       -2.8902                        2.7688 ]
--- TFHandler_Factory        :       log10(D0_IPCHI2_OWNPV):                    6.3280e-11                       0.71471   [                       -2.6527                        2.6729 ]
--- TFHandler_Factory        :   log10(KstarK_IPCHI2_OWNPV):                    2.7329e-11                       0.64254   [                       -2.1899                        2.4604 ]
--- TFHandler_Factory        :  log10(D0Kplus_IPCHI2_OWNPV):                   -8.0914e-11                       0.47143   [                       -2.5355                        1.6626 ]
--- TFHandler_Factory        : log10(D0Kminus_IPCHI2_OWNPV):                   -1.4788e-11                       0.41256   [                       -1.3897                        2.0895 ]
--- TFHandler_Factory        :  log10(KstarPi_IPCHI2_OWNPV):                    5.0958e-11                       0.36660   [                       -1.3537                        1.1289 ]
--- TFHandler_Factory        :            log10(D0Kplus_PT):                   -1.6883e-11                       0.28107   [                       -2.1003                        1.1409 ]
--- TFHandler_Factory        :           log10(D0Kminus_PT):                    2.3956e-11                       0.24717   [                       -1.0559                        1.5468 ]
--- TFHandler_Factory        :             log10(KstarK_PT):                   -2.0135e-11                       0.21029   [                       -1.1307                       0.77451 ]
--- TFHandler_Factory        :            log10(KstarPi_PT):                   -4.5716e-13                     0.0034122   [                     -0.035551                      0.015337 ]
--- TFHandler_Factory        : ---------------------------------------------------------------------------------------------------------------------------------------------------------------
--- TFHandler_Factory        : Plot event variables for PCA
--- TFHandler_Factory        : Create scatter and profile plots in target-file directory: 
--- TFHandler_Factory        : ../Outputs/Classification_KK_run2.root:/InputVariables_PCA/CorrelationPlots
--- Gauss                    : Preparing the Gaussian transformation...
--- Deco                     : Preparing the Decorrelation transformation...
--- TFHandler_Factory        : ---------------------------------------------------------------------------------------------------------------------------------------------------------------
--- TFHandler_Factory        :                     Variable                            Mean                            RMS                    [        Min                            Max ]
--- TFHandler_Factory        : ---------------------------------------------------------------------------------------------------------------------------------------------------------------
--- TFHandler_Factory        :          acos(Bd_DIRA_OWNPV):                     0.0068422                        1.0000   [                       -4.2468                        7.1175 ]
--- TFHandler_Factory        :              Bd_IPCHI2_OWNPV:                     0.0025971                        1.0000   [                       -2.9299                        7.1378 ]
--- TFHandler_Factory        :     Bd_LOKI_VFASPF_VCHI2VDOF:                     0.0035156                        1.0000   [                       -3.4334                        5.8528 ]
--- TFHandler_Factory        :                Bd_ptasy_1.50:                      0.032428                        1.0000   [                       -3.3458                        6.5510 ]
--- TFHandler_Factory        :       log10(D0_IPCHI2_OWNPV):                     0.0034716                        1.0000   [                       -7.3019                        5.8633 ]
--- TFHandler_Factory        :   log10(KstarK_IPCHI2_OWNPV):                     0.0025795                        1.0000   [                       -5.5749                        6.7610 ]
--- TFHandler_Factory        :  log10(D0Kplus_IPCHI2_OWNPV):                     0.0012232                        1.0000   [                       -4.5126                        6.9311 ]
--- TFHandler_Factory        : log10(D0Kminus_IPCHI2_OWNPV):                     0.0015445                        1.0000   [                       -4.7683                        6.4583 ]
--- TFHandler_Factory        :  log10(KstarPi_IPCHI2_OWNPV):                    0.00096211                        1.0000   [                       -4.6492                        6.4968 ]
--- TFHandler_Factory        :            log10(D0Kplus_PT):                    -0.0013366                        1.0000   [                       -3.5493                        6.3529 ]
--- TFHandler_Factory        :           log10(D0Kminus_PT):                    -0.0018800                        1.0000   [                       -3.5208                        6.3197 ]
--- TFHandler_Factory        :             log10(KstarK_PT):                    -0.0022899                        1.0000   [                       -3.5482                        6.6403 ]
--- TFHandler_Factory        :            log10(KstarPi_PT):                   -0.00060273                        1.0000   [                       -4.5623                        6.5453 ]
--- TFHandler_Factory        : ---------------------------------------------------------------------------------------------------------------------------------------------------------------
--- TFHandler_Factory        : Plot event variables for Gauss_Deco
--- TFHandler_Factory        : Create scatter and profile plots in target-file directory: 
--- TFHandler_Factory        : ../Outputs/Classification_KK_run2.root:/InputVariables_Gauss_Deco/CorrelationPlots
--- TFHandler_Factory        :  
--- TFHandler_Factory        : Ranking input variables (method unspecific)...
--- IdTransformation         : Ranking result (top variable is best ranked)
--- IdTransformation         : -----------------------------------------------------
--- IdTransformation         : Rank : Variable                     : Separation
--- IdTransformation         : -----------------------------------------------------
--- IdTransformation         :    1 : Bd_IPCHI2_OWNPV              : 3.929e-01
--- IdTransformation         :    2 : acos(Bd_DIRA_OWNPV)          : 3.095e-01
--- IdTransformation         :    3 : Bd_ptasy_1.50                : 2.201e-01
--- IdTransformation         :    4 : log10(KstarPi_IPCHI2_OWNPV)  : 2.127e-01
--- IdTransformation         :    5 : log10(D0Kplus_IPCHI2_OWNPV)  : 1.714e-01
--- IdTransformation         :    6 : log10(KstarK_IPCHI2_OWNPV)   : 1.592e-01
--- IdTransformation         :    7 : log10(D0Kminus_IPCHI2_OWNPV) : 1.547e-01
--- IdTransformation         :    8 : log10(D0_IPCHI2_OWNPV)       : 1.264e-01
--- IdTransformation         :    9 : log10(D0Kplus_PT)            : 1.262e-01
--- IdTransformation         :   10 : Bd_LOKI_VFASPF_VCHI2VDOF     : 1.258e-01
--- IdTransformation         :   11 : log10(D0Kminus_PT)           : 1.153e-01
--- IdTransformation         :   12 : log10(KstarPi_PT)            : 7.116e-02
--- IdTransformation         :   13 : log10(KstarK_PT)             : 3.014e-02
--- IdTransformation         : -----------------------------------------------------
--- Factory                  :  
--- Factory                  : Train all methods for Classification ...
--- Factory                  : Train method: BDTG_KK_run2 for Classification
--- BDTG_KK_run2             : Begin training
--- BDTG_KK_run2             :  found and suggest the following possible pre-selection cuts 
--- BDTG_KK_run2             : as option DoPreselection was not used, these cuts however will not be performed, but the training will see the full sample
--- BDTG_KK_run2             : <InitEventSample> For classification trees, 
--- BDTG_KK_run2             :  the effective number of backgrounds is scaled to match 
--- BDTG_KK_run2             :  the signal. Othersise the first boosting step would do 'just that'!
--- BDTG_KK_run2             : re-normlise events such that Sig and Bkg have respective sum of weights = 1
--- BDTG_KK_run2             :   sig->sig*0.577761ev. bkg->bkg*3.715ev.
--- BDTG_KK_run2             : #events: (reweighted) sig: 16052.5 bkg: 16052.5
--- BDTG_KK_run2             : #events: (unweighted) sig: 27784 bkg: 4321
--- BDTG_KK_run2             : Training 1000 Decision Trees ... patience please
--- BinaryTree               : The minimal node size MinNodeSize=2.5 fMinNodeSize=2.5% is translated to an actual number of events = 403.25 for the training sample size of 16130
--- BinaryTree               : Note: This number will be taken as absolute minimum in the node, 
--- BinaryTree               :       in terms of 'weighted events' and unweighted ones !! 
--- BDTG_KK_run2             : <Train> elapsed time: [1;31m38.5 sec[0m                              
--- BDTG_KK_run2             : <Train> average number of nodes (w/o pruning) : 6
--- BDTG_KK_run2             : End of training                                              
--- BDTG_KK_run2             : Elapsed time for training with 32105 events: [1;31m38.8 sec[0m         
--- BDTG_KK_run2             : Create MVA output for classification on training sample
--- BDTG_KK_run2             : Evaluation of BDTG_KK_run2 on training sample (32105 events)
--- BDTG_KK_run2             : Elapsed time for evaluation of 32105 events: [1;31m3.98 sec[0m       
--- BDTG_KK_run2             : Creating weight file in xml format: [0;36mweights/TMVAClassification_BDTG_KK_run2.weights.xml[0m
--- BDTG_KK_run2             : Creating standalone response class: [0;36mweights/TMVAClassification_BDTG_KK_run2.class.C[0m
--- BDTG_KK_run2             : Write monitoring histograms to file: ../Outputs/Classification_KK_run2.root:/Method_BDT/BDTG_KK_run2
--- Factory                  : Training finished
--- Factory                  : 
--- Factory                  : Ranking input variables (method specific)...
--- BDTG_KK_run2             : Ranking result (top variable is best ranked)
--- BDTG_KK_run2             : --------------------------------------------------------------
--- BDTG_KK_run2             : Rank : Variable                     : Variable Importance
--- BDTG_KK_run2             : --------------------------------------------------------------
--- BDTG_KK_run2             :    1 : log10(D0_IPCHI2_OWNPV)       : 9.004e-02
--- BDTG_KK_run2             :    2 : log10(KstarK_PT)             : 8.942e-02
--- BDTG_KK_run2             :    3 : log10(D0Kminus_PT)           : 8.636e-02
--- BDTG_KK_run2             :    4 : log10(D0Kplus_PT)            : 8.607e-02
--- BDTG_KK_run2             :    5 : Bd_IPCHI2_OWNPV              : 7.987e-02
--- BDTG_KK_run2             :    6 : Bd_ptasy_1.50                : 7.845e-02
--- BDTG_KK_run2             :    7 : log10(KstarK_IPCHI2_OWNPV)   : 7.764e-02
--- BDTG_KK_run2             :    8 : log10(KstarPi_PT)            : 7.645e-02
--- BDTG_KK_run2             :    9 : log10(KstarPi_IPCHI2_OWNPV)  : 7.319e-02
--- BDTG_KK_run2             :   10 : log10(D0Kplus_IPCHI2_OWNPV)  : 7.159e-02
--- BDTG_KK_run2             :   11 : log10(D0Kminus_IPCHI2_OWNPV) : 7.123e-02
--- BDTG_KK_run2             :   12 : Bd_LOKI_VFASPF_VCHI2VDOF     : 6.941e-02
--- BDTG_KK_run2             :   13 : acos(Bd_DIRA_OWNPV)          : 5.025e-02
--- BDTG_KK_run2             : --------------------------------------------------------------
--- Factory                  : 
--- Factory                  : === Destroy and recreate all methods via weight files for testing ===
--- Factory                  : 
--- MethodBase               : Reading weight file: [0;36mweights/TMVAClassification_BDTG_KK_run2.weights.xml[0m
--- BDTG_KK_run2             : Read method "BDTG_KK_run2" of type "BDT"
--- BDTG_KK_run2             : MVA method was trained with TMVA Version: 4.2.1
--- BDTG_KK_run2             : MVA method was trained with ROOT Version: 6.06/02
--- Factory                  : Test all methods...
--- Factory                  : Test method: BDTG_KK_run2 for Classification performance
--- BDTG_KK_run2             : Evaluation of BDTG_KK_run2 on testing sample (32105 events)
--- BDTG_KK_run2             : Elapsed time for evaluation of 32105 events: [1;31m2.84 sec[0m       
--- Factory                  : Evaluate all methods...
--- Factory                  : Evaluate classifier: BDTG_KK_run2
--- BDTG_KK_run2             : Loop over test events and fill histograms with classifier response...
--- Factory                  : Write evaluation histograms to file
--- TFHandler_BDTG_KK_run2   : Plot event variables for BDTG_KK_run2
--- TFHandler_BDTG_KK_run2   : ---------------------------------------------------------------------------------------------------------------------------------------------------------------
--- TFHandler_BDTG_KK_run2   :                     Variable                            Mean                            RMS                    [        Min                            Max ]
--- TFHandler_BDTG_KK_run2   : ---------------------------------------------------------------------------------------------------------------------------------------------------------------
--- TFHandler_BDTG_KK_run2   :          acos(Bd_DIRA_OWNPV):                     0.0030814                     0.0047276   [                    6.1400e-06                      0.044607 ]
--- TFHandler_BDTG_KK_run2   :              Bd_IPCHI2_OWNPV:                        3.2606                        4.4403   [                    0.00012418                        25.006 ]
--- TFHandler_BDTG_KK_run2   :     Bd_LOKI_VFASPF_VCHI2VDOF:                        1.4069                        1.4352   [                    0.00039972                        9.9908 ]
--- TFHandler_BDTG_KK_run2   :                Bd_ptasy_1.50:                       0.22302                       0.39552   [                      -0.99381                        1.0000 ]
--- TFHandler_BDTG_KK_run2   :       log10(D0_IPCHI2_OWNPV):                        2.4941                       0.73963   [                       -3.8381                        5.4742 ]
--- TFHandler_BDTG_KK_run2   :   log10(KstarK_IPCHI2_OWNPV):                        2.4329                       0.74012   [                       0.60221                        5.0691 ]
--- TFHandler_BDTG_KK_run2   :  log10(D0Kplus_IPCHI2_OWNPV):                        2.4730                       0.79436   [                       0.60217                        5.1948 ]
--- TFHandler_BDTG_KK_run2   : log10(D0Kminus_IPCHI2_OWNPV):                        2.4725                       0.79038   [                       0.60226                        4.9127 ]
--- TFHandler_BDTG_KK_run2   :  log10(KstarPi_IPCHI2_OWNPV):                        2.1484                       0.85109   [                       0.55630                        4.9945 ]
--- TFHandler_BDTG_KK_run2   :            log10(D0Kplus_PT):                        3.3517                       0.40587   [                        2.0007                        5.0271 ]
--- TFHandler_BDTG_KK_run2   :           log10(D0Kminus_PT):                        3.3537                       0.40483   [                        2.0002                        4.7996 ]
--- TFHandler_BDTG_KK_run2   :             log10(KstarK_PT):                        3.3966                       0.35855   [                        2.2458                        4.9346 ]
--- TFHandler_BDTG_KK_run2   :            log10(KstarPi_PT):                        3.1134                       0.44274   [                        2.0005                        4.5493 ]
--- TFHandler_BDTG_KK_run2   : ---------------------------------------------------------------------------------------------------------------------------------------------------------------
--- TFHandler_BDTG_KK_run2   : Create scatter and profile plots in target-file directory: 
--- TFHandler_BDTG_KK_run2   : ../Outputs/Classification_KK_run2.root:/Method_BDT/BDTG_KK_run2/CorrelationPlots
--- Factory                  : Correlations between input variables and MVA response (signal):
--- Factory                  : --------------------------
--- Factory                  :                               BDTG_KK_run2
--- Factory                  :          acos(Bd_DIRA_OWNPV):       -0.380
--- Factory                  :              Bd_IPCHI2_OWNPV:       -0.426
--- Factory                  :     Bd_LOKI_VFASPF_VCHI2VDOF:       -0.199
--- Factory                  :                Bd_ptasy_1.50:       +0.287
--- Factory                  :       log10(D0_IPCHI2_OWNPV):       +0.220
--- Factory                  :   log10(KstarK_IPCHI2_OWNPV):       +0.246
--- Factory                  :  log10(D0Kplus_IPCHI2_OWNPV):       +0.258
--- Factory                  : log10(D0Kminus_IPCHI2_OWNPV):       +0.243
--- Factory                  :  log10(KstarPi_IPCHI2_OWNPV):       +0.285
--- Factory                  :            log10(D0Kplus_PT):       +0.221
--- Factory                  :           log10(D0Kminus_PT):       +0.243
--- Factory                  :             log10(KstarK_PT):       +0.065
--- Factory                  :            log10(KstarPi_PT):       +0.171
--- Factory                  : --------------------------
--- Factory                  : 
--- Factory                  : Correlations between input variables and MVA response (background):
--- Factory                  : --------------------------
--- Factory                  :                               BDTG_KK_run2
--- Factory                  :          acos(Bd_DIRA_OWNPV):       -0.314
--- Factory                  :              Bd_IPCHI2_OWNPV:       -0.439
--- Factory                  :     Bd_LOKI_VFASPF_VCHI2VDOF:       -0.175
--- Factory                  :                Bd_ptasy_1.50:       +0.310
--- Factory                  :       log10(D0_IPCHI2_OWNPV):       +0.189
--- Factory                  :   log10(KstarK_IPCHI2_OWNPV):       +0.207
--- Factory                  :  log10(D0Kplus_IPCHI2_OWNPV):       +0.215
--- Factory                  : log10(D0Kminus_IPCHI2_OWNPV):       +0.178
--- Factory                  :  log10(KstarPi_IPCHI2_OWNPV):       +0.270
--- Factory                  :            log10(D0Kplus_PT):       +0.103
--- Factory                  :           log10(D0Kminus_PT):       +0.105
--- Factory                  :             log10(KstarK_PT):       +0.024
--- Factory                  :            log10(KstarPi_PT):       +0.100
--- Factory                  : --------------------------
--- Factory                  : 
--- Factory                  : The following "overlap" matrices contain the fraction of events for which 
--- Factory                  : the MVAs 'i' and 'j' have returned conform answers about "signal-likeness"
--- Factory                  : An event is signal-like, if its MVA output exceeds the following value:
--- Factory                  : ---------------------------
--- Factory                  :       Method:    Cut value:
--- Factory                  : ---------------------------
--- Factory                  : BDTG_KK_run2:       +0.074
--- Factory                  : ---------------------------
--- Factory                  : which correspond to the working point: eff(signal) = 1 - eff(background)
--- Factory                  : 
--- Factory                  : Evaluation results ranked by best signal efficiency and purity (area)
--- Factory                  : --------------------------------------------------------------------------------
--- Factory                  : MVA              Signal efficiency at bkg eff.(error):       | Sepa-    Signifi- 
--- Factory                  : Method:          @B=0.01    @B=0.10    @B=0.30    ROC-integ. | ration:  cance:   
--- Factory                  : --------------------------------------------------------------------------------
--- Factory                  : BDTG_KK_run2   : 0.671(02)  0.945(01)  0.988(00)    0.977    | 0.776    2.600
--- Factory                  : --------------------------------------------------------------------------------
--- Factory                  : 
--- Factory                  : Testing efficiency compared to training efficiency (overtraining check)
--- Factory                  : --------------------------------------------------------------------------------
--- Factory                  : MVA              Signal efficiency: from test sample (from training sample) 
--- Factory                  : Method:          @B=0.01             @B=0.10            @B=0.30   
--- Factory                  : --------------------------------------------------------------------------------
--- Factory                  : BDTG_KK_run2   : 0.671 (0.717)       0.945 (0.951)      0.988 (0.988)
--- Factory                  : --------------------------------------------------------------------------------
--- Factory                  : 
--- Dataset:Default          : Created tree 'TestTree' with 32105 events
--- Dataset:Default          : Created tree 'TrainTree' with 32105 events
--- Factory                  :   
--- Factory                  : [1mThank you for using TMVA![0m
--- Factory                  : [1mFor citation information, please visit: http://tmva.sf.net/citeTMVA.html[0m
==> Wrote root file: ../Outputs/Classification_KK_run2.root
==> TMVA classification done!
