Training BDTG Kpi_run2 with 4 signal file(s) and 4 background file(s).
Using variable list: ../VariableLists/Kpi_run2.txt
Using cuts from: ../VariableLists/Cuts/Kpi_run2.cut
==> Starting TMVA classification
--- Factory                  : You are running ROOT Version: 6.06/02, Mar 3, 2016
--- Factory                  : 
--- Factory                  : _/_/_/_/_/ _|      _|  _|      _|    _|_|   
--- Factory                  :    _/      _|_|  _|_|  _|      _|  _|    _| 
--- Factory                  :   _/       _|  _|  _|  _|      _|  _|_|_|_| 
--- Factory                  :  _/        _|      _|    _|  _|    _|    _| 
--- Factory                  : _/         _|      _|      _|      _|    _| 
--- Factory                  : 
--- Factory                  : ___________TMVA Version 4.2.1, Feb 5, 2015
--- Factory                  : 
Adding variable: acos(Bd_DIRA_OWNPV)
Adding variable: Bd_IPCHI2_OWNPV
Adding variable: Bd_LOKI_VFASPF_VCHI2VDOF
Adding variable: Bd_ptasy_1.50
Adding variable: log10(D0_IPCHI2_OWNPV)
Adding variable: log10(KstarK_IPCHI2_OWNPV)
Adding variable: log10(D0K_IPCHI2_OWNPV)
Adding variable: log10(D0Pi_IPCHI2_OWNPV)
Adding variable: log10(KstarPi_IPCHI2_OWNPV)
Adding variable: log10(D0K_PT)
Adding variable: log10(D0Pi_PT)
Adding variable: log10(KstarK_PT)
Adding variable: log10(KstarPi_PT)
--- DataSetInfo              : Added class "Signal"	 with internal class number 0
--- Factory                  : Add Tree DecayTree of type Signal with 21539 events
--- Factory                  : Add Tree DecayTree of type Signal with 21879 events
--- Factory                  : Add Tree DecayTree of type Signal with 16865 events
--- Factory                  : Add Tree DecayTree of type Signal with 16684 events
--- DataSetInfo              : Added class "Background"	 with internal class number 1
--- Factory                  : Add Tree DecayTree of type Background with 162299 events
--- Factory                  : Add Tree DecayTree of type Background with 104643 events
--- Factory                  : Add Tree DecayTree of type Background with 515321 events
--- Factory                  : Add Tree DecayTree of type Background with 478270 events
--- Factory                  : Preparing trees for training and testing...
--- Factory                  : Booking method: [1mBDTG_Kpi_run2[0m
[1;31m--- <WARNING> BDTG_Kpi_run2            : the option *InverseBoostNegWeights* does not exist for BoostType=Grad --> change to *IgnoreNegWeightsInTraining*[0m
--- DataSetFactory           : Splitmode is: "RANDOM" the mixmode is: "SAMEASSPLITMODE"
--- DataSetFactory           : Create training and testing trees -- looping over class "Signal" ...
--- DataSetFactory           : Weight expression for class 'Signal': ""
--- DataSetFactory           : Create training and testing trees -- looping over class "Background" ...
--- DataSetFactory           : Weight expression for class 'Background': ""
[37;41;1m--- <FATAL> DataSetFactory           : Expression acos(Bd_DIRA_OWNPV) could not be resolved to a valid formula. [0m
***> abort program execution
