Training BDTG pipi_run2 with 4 signal file(s) and 4 background file(s).
Using variable list: ../VariableLists/pipi_run2.txt
Using cuts from: ../VariableLists/Cuts/pipi_run2.cut
==> Starting TMVA classification
--- Factory                  : You are running ROOT Version: 6.06/02, Mar 3, 2016
--- Factory                  : 
--- Factory                  : _/_/_/_/_/ _|      _|  _|      _|    _|_|   
--- Factory                  :    _/      _|_|  _|_|  _|      _|  _|    _| 
--- Factory                  :   _/       _|  _|  _|  _|      _|  _|_|_|_| 
--- Factory                  :  _/        _|      _|    _|  _|    _|    _| 
--- Factory                  : _/         _|      _|      _|      _|    _| 
--- Factory                  : 
--- Factory                  : ___________TMVA Version 4.2.1, Feb 5, 2015
--- Factory                  : 
Adding variable: acos(Bd_DIRA_OWNPV)
Adding variable: Bd_IPCHI2_OWNPV
Adding variable: Bd_LOKI_VFASPF_VCHI2VDOF
Adding variable: Bd_ptasy_1.50
Adding variable: log10(D0_IPCHI2_OWNPV)
Adding variable: log10(KstarK_IPCHI2_OWNPV)
Adding variable: log10(D0PiPlus_IPCHI2_OWNPV)
Adding variable: log10(D0PiMinus_IPCHI2_OWNPV)
Adding variable: log10(KstarPi_IPCHI2_OWNPV)
Adding variable: log10(D0PiPlus_PT)
Adding variable: log10(D0PiMinus_PT)
Adding variable: log10(KstarK_PT)
Adding variable: log10(KstarPi_PT)
--- DataSetInfo              : Added class "Signal"	 with internal class number 0
--- Factory                  : Add Tree DecayTree of type Signal with 17185 events
--- Factory                  : Add Tree DecayTree of type Signal with 15742 events
--- Factory                  : Add Tree DecayTree of type Signal with 16888 events
--- Factory                  : Add Tree DecayTree of type Signal with 16502 events
--- DataSetInfo              : Added class "Background"	 with internal class number 1
--- Factory                  : Add Tree DecayTree of type Background with 95552 events
--- Factory                  : Add Tree DecayTree of type Background with 61106 events
--- Factory                  : Add Tree DecayTree of type Background with 414664 events
--- Factory                  : Add Tree DecayTree of type Background with 382767 events
--- Factory                  : Preparing trees for training and testing...
--- Factory                  : Booking method: [1mBDTG_pipi_run2[0m
[1;31m--- <WARNING> BDTG_pipi_run2           : the option *InverseBoostNegWeights* does not exist for BoostType=Grad --> change to *IgnoreNegWeightsInTraining*[0m
--- DataSetFactory           : Splitmode is: "RANDOM" the mixmode is: "SAMEASSPLITMODE"
--- DataSetFactory           : Create training and testing trees -- looping over class "Signal" ...
--- DataSetFactory           : Weight expression for class 'Signal': ""
--- DataSetFactory           : Create training and testing trees -- looping over class "Background" ...
--- DataSetFactory           : Weight expression for class 'Background': ""
[37;41;1m--- <FATAL> DataSetFactory           : Expression ((((((abs(D0_M - 1864.83) < 25)&&(D0_IPCHI2_OWNPV > 0))&&(KstarK_IPCHI2_OWNPV > 0))&&(D0PiPlus_IPCHI2_OWNPV > 0))&&(D0PiMinus_IPCHI2_OWNPV > 0))&&(KstarPi_IPCHI2_OWNPV > 0))&&(Bd_BKGCAT == 0) could not be resolved to a valid formula. [0m
***> abort program execution
